<?xml version="1.0" encoding="UTF-8"?>

<mule xmlns:ee="http://www.mulesoft.org/schema/mule/ee/core" xmlns:http="http://www.mulesoft.org/schema/mule/http"
	xmlns="http://www.mulesoft.org/schema/mule/core"
	xmlns:doc="http://www.mulesoft.org/schema/mule/documentation" xmlns:xsi="http://www.w3.org/2001/XMLSchema-instance" xsi:schemaLocation="http://www.mulesoft.org/schema/mule/core http://www.mulesoft.org/schema/mule/core/current/mule.xsd
http://www.mulesoft.org/schema/mule/http http://www.mulesoft.org/schema/mule/http/current/mule-http.xsd
http://www.mulesoft.org/schema/mule/ee/core http://www.mulesoft.org/schema/mule/ee/core/current/mule-ee.xsd">
	<http:listener-config name="HTTP_Listener_config" doc:name="HTTP Listener config" doc:id="289603c7-fe84-46bd-9f9b-159e9e310e15" >
		<http:listener-connection host="0.0.0.0" port="8083" />
	</http:listener-config>
	<flow name="test-file-1Flow" doc:id="799a950c-63f4-4f9f-b329-e1619450b06e" >
		<http:listener doc:name="Listener" doc:id="1cbe9cff-d580-46db-93d7-559423f2aa51" config-ref="HTTP_Listener_config" path="/test"/>
		<ee:transform doc:name="Transform Message" doc:id="4a55e45a-eb2f-479b-afff-e53a1d61b214" >
			<ee:message >
			</ee:message>
			<ee:variables >
				<ee:set-variable variableName="flowName" ><![CDATA['git-merge-test-flow']]></ee:set-variable>
				<ee:set-variable variableName="sourceName" ><![CDATA['test-source']]></ee:set-variable>
				<ee:set-variable variableName="targetName" ><![CDATA['test-target']]></ee:set-variable>
			</ee:variables>
		</ee:transform>
	</flow>
</mule>
